<?xml version="1.0" encoding="utf-8"?><testsuites><testsuite name="pytest" errors="0" failures="0" skipped="0" tests="3" time="20.708" timestamp="2023-09-01T13:19:12.138976" hostname="Chriss-MacBook-Pro.local"><testcase classname="test_HomePage.TestHomePage" name="test_formSubmission[getData0]" time="6.918" /><testcase classname="test_HomePage.TestHomePage" name="test_formSubmission[getData1]" time="0.681" /><testcase classname="test_e2e.TestOne" name="test_e2e" time="13.064" /></testsuite></testsuites>